{
  "numFailedTestSuites": 0,
  "numFailedTests": 0,
  "numPassedTestSuites": 1,
  "numPassedTests": 6,
  "numPendingTestSuites": 0,
  "numPendingTests": 0,
  "numRuntimeErrorTestSuites": 0,
  "numTodoTests": 0,
  "numTotalTestSuites": 1,
  "numTotalTests": 6,
  "openHandles": [],
  "snapshot": {
    "added": 0,
    "didUpdate": false,
    "failure": false,
    "filesAdded": 0,
    "filesRemoved": 0,
    "filesRemovedList": [],
    "filesUnmatched": 0,
    "filesUpdated": 0,
    "matched": 0,
    "total": 0,
    "unchecked": 0,
    "uncheckedKeysByFile": [],
    "unmatched": 0,
    "updated": 0
  },
  "startTime": 1602285081885,
  "success": false,
  "testResults": [
    {
      "leaks": false,
      "numFailingTests": 0,
      "numPassingTests": 6,
      "numPendingTests": 0,
      "numTodoTests": 0,
      "openHandles": [],
      "perfStats": {
        "end": 1602285084108,
        "start": 1602285083127
      },
      "skipped": false,
      "snapshot": {
        "added": 0,
        "fileDeleted": false,
        "matched": 0,
        "unchecked": 0,
        "unmatched": 0,
        "updated": 0,
        "uncheckedKeys": []
      },
      "testFilePath": "D:\\Projects\\node-project-template\\tests\\calc.spec.js",
      "testResults": [
        {
          "ancestorTitles": [
            "add method"
          ],
          "duration": 2,
          "failureMessages": [],
          "fullName": "add method adds 2 + 2 to equal 4",
          "location": null,
          "numPassingAsserts": 0,
          "status": "passed",
          "title": "adds 2 + 2 to equal 4"
        },
        {
          "ancestorTitles": [
            "add method"
          ],
          "duration": 0,
          "failureMessages": [],
          "fullName": "add method adds 1 + 3 to equal 4",
          "location": null,
          "numPassingAsserts": 0,
          "status": "passed",
          "title": "adds 1 + 3 to equal 4"
        },
        {
          "ancestorTitles": [
            "add method"
          ],
          "duration": 0,
          "failureMessages": [],
          "fullName": "add method adds 2 + 3 to equal 5",
          "location": null,
          "numPassingAsserts": 0,
          "status": "passed",
          "title": "adds 2 + 3 to equal 5"
        },
        {
          "ancestorTitles": [
            "subtract method"
          ],
          "duration": 0,
          "failureMessages": [],
          "fullName": "subtract method subtracts 2 - 2 to equal 0",
          "location": null,
          "numPassingAsserts": 0,
          "status": "passed",
          "title": "subtracts 2 - 2 to equal 0"
        },
        {
          "ancestorTitles": [
            "subtract method"
          ],
          "duration": 0,
          "failureMessages": [],
          "fullName": "subtract method subtracts 3 - 1 to equal 2",
          "location": null,
          "numPassingAsserts": 0,
          "status": "passed",
          "title": "subtracts 3 - 1 to equal 2"
        },
        {
          "ancestorTitles": [
            "subtract method"
          ],
          "duration": 0,
          "failureMessages": [],
          "fullName": "subtract method subtracts 2 - 3 to equal -1",
          "location": null,
          "numPassingAsserts": 0,
          "status": "passed",
          "title": "subtracts 2 - 3 to equal -1"
        }
      ],
      "failureMessage": null
    }
  ],
  "wasInterrupted": false,
  "coverageMap": {
    "D:\\Projects\\node-project-template\\src\\calc.js": {
      "path": "D:\\Projects\\node-project-template\\src\\calc.js",
      "statementMap": {
        "0": {
          "start": {
            "line": 15,
            "column": 15
          },
          "end": {
            "line": 15,
            "column": 19
          }
        },
        "1": {
          "start": {
            "line": 28,
            "column": 4
          },
          "end": {
            "line": 31,
            "column": 6
          }
        },
        "2": {
          "start": {
            "line": 30,
            "column": 8
          },
          "end": {
            "line": 30,
            "column": 21
          }
        },
        "3": {
          "start": {
            "line": 44,
            "column": 4
          },
          "end": {
            "line": 47,
            "column": 5
          }
        },
        "4": {
          "start": {
            "line": 46,
            "column": 8
          },
          "end": {
            "line": 46,
            "column": 21
          }
        },
        "5": {
          "start": {
            "line": 50,
            "column": 0
          },
          "end": {
            "line": 50,
            "column": 22
          }
        }
      },
      "fnMap": {
        "0": {
          "name": "Calc",
          "decl": {
            "start": {
              "line": 12,
              "column": 9
            },
            "end": {
              "line": 12,
              "column": 13
            }
          },
          "loc": {
            "start": {
              "line": 12,
              "column": 17
            },
            "end": {
              "line": 48,
              "column": 1
            }
          },
          "line": 12
        },
        "1": {
          "name": "(anonymous_1)",
          "decl": {
            "start": {
              "line": 28,
              "column": 15
            },
            "end": {
              "line": 28,
              "column": 16
            }
          },
          "loc": {
            "start": {
              "line": 28,
              "column": 31
            },
            "end": {
              "line": 31,
              "column": 5
            }
          },
          "line": 28
        },
        "2": {
          "name": "(anonymous_2)",
          "decl": {
            "start": {
              "line": 44,
              "column": 20
            },
            "end": {
              "line": 44,
              "column": 21
            }
          },
          "loc": {
            "start": {
              "line": 44,
              "column": 36
            },
            "end": {
              "line": 47,
              "column": 5
            }
          },
          "line": 44
        }
      },
      "branchMap": {},
      "s": {
        "0": 1,
        "1": 1,
        "2": 3,
        "3": 1,
        "4": 3,
        "5": 1
      },
      "f": {
        "0": 1,
        "1": 3,
        "2": 3
      },
      "b": {},
      "_coverageSchema": "1a1c01bbd47fc00a2c39e90264f33305004495a9",
      "hash": "040b9e99bceff2ce7daae3923afcb91b9ae65ff3"
    }
  }
}