{"D:\\Projects\\node-project-template\\src\\calc.js": {"path":"D:\\Projects\\node-project-template\\src\\calc.js","statementMap":{"0":{"start":{"line":15,"column":15},"end":{"line":15,"column":19}},"1":{"start":{"line":28,"column":4},"end":{"line":31,"column":6}},"2":{"start":{"line":30,"column":8},"end":{"line":30,"column":21}},"3":{"start":{"line":44,"column":4},"end":{"line":47,"column":5}},"4":{"start":{"line":46,"column":8},"end":{"line":46,"column":21}},"5":{"start":{"line":50,"column":0},"end":{"line":50,"column":22}}},"fnMap":{"0":{"name":"Calc","decl":{"start":{"line":12,"column":9},"end":{"line":12,"column":13}},"loc":{"start":{"line":12,"column":17},"end":{"line":48,"column":1}},"line":12},"1":{"name":"(anonymous_1)","decl":{"start":{"line":28,"column":15},"end":{"line":28,"column":16}},"loc":{"start":{"line":28,"column":31},"end":{"line":31,"column":5}},"line":28},"2":{"name":"(anonymous_2)","decl":{"start":{"line":44,"column":20},"end":{"line":44,"column":21}},"loc":{"start":{"line":44,"column":36},"end":{"line":47,"column":5}},"line":44}},"branchMap":{},"s":{"0":1,"1":1,"2":3,"3":1,"4":3,"5":1},"f":{"0":1,"1":3,"2":3},"b":{},"_coverageSchema":"1a1c01bbd47fc00a2c39e90264f33305004495a9","hash":"040b9e99bceff2ce7daae3923afcb91b9ae65ff3"}
}
